[LOG] Starting kernel...
[PMM] MMAP Entry Base: 4096
[PMM] MMAP Entry Length: 155648
[PMM] MMAP Entry Type: 4096
[PMM] MMAP Entry Base: 159744
[PMM] MMAP Entry Length: 491520
[PMM] MMAP Entry Type: 1
[PMM] MMAP Entry Base: 654336
[PMM] MMAP Entry Length: 1024
[PMM] MMAP Entry Type: 2
[PMM] MMAP Entry Base: 983040
[PMM] MMAP Entry Length: 65536
[PMM] MMAP Entry Type: 2
[PMM] MMAP Entry Base: 1048576
[PMM] MMAP Entry Length: 1048576
[PMM] MMAP Entry Type: 1
[PMM] MMAP Entry Base: 2097152
[PMM] MMAP Entry Length: 7362336
[PMM] MMAP Entry Type: 10
[PMM] MMAP Entry Base: 9461760
[PMM] MMAP Entry Length: 3211091968
[PMM] MMAP Entry Type: 1
[PMM] MMAP Entry Base: 3220553728
[PMM] MMAP Entry Length: 503808
[PMM] MMAP Entry Type: 4096
[PMM] MMAP Entry Base: 3221057536
[PMM] MMAP Entry Length: 167936
[PMM] MMAP Entry Type: 2
[PMM] MMAP Entry Base: 4244635648
[PMM] MMAP Entry Length: 3145728
[PMM] MMAP Entry Type: 4098
[PMM] MMAP Entry Base: 4294705152
[PMM] MMAP Entry Length: 262144
[PMM] MMAP Entry Type: 2
[PMM] MMAP Entry Base: 4294967296
[PMM] MMAP Entry Length: 5368709120
[PMM] MMAP Entry Type: 1
[PMM] Total available memory:8593005344
[PMM] Bitmap address: 159744
[PMM] Bitmap end: 421981
[PMM] Bitmap memset to 0.
[LOG] ALLOC BLOCK: 104425984
[LOG] Testing vmm - page mapped. CHECK!
[SLAB] ALlocating root cache and initializing memory...
[SLAB] Root cache allocated and memory initialized.
[SLAB] Adding custom caches...
[SLAB] Custom caches added.
[LOG] INITIALIZED SLAB ALLOCATOR!
-----------------------
[+] Cache Name: ROOT
[+] Flags: 0
[+] Object size: 0
[+] Limit: 0
[+] Batchount: 5
[+] Slab mutex state: 0
 - SLABS_FULL: 
	 - NULL
 - SLABS_PARTIAL: 
	 - NULL
 - SLABS_FREE: 
	 - NULL
-----------------------
-----------------------
[+] Cache Name: Chad
[+] Flags: 0
[+] Object size: 1
[+] Limit: 0
[+] Batchount: 5
[+] Slab mutex state: 0
 - SLABS_FULL: 
	 - NULL
 - SLABS_PARTIAL: 
	 - __ADDR: 29237248 {parent cache: 29245440, buffer address: 29257728, bitmap address: 29261824, inuse: 0, total available: 5, next: 0, last: 0}
 - SLABS_FREE: 
	 - __ADDR: 29241344 {parent cache: 29245440, buffer address: 29265920, bitmap address: 29270016, inuse: 0, total available: 5, next: 29274112, last: 0}
	 - __ADDR: 29274112 {parent cache: 29245440, buffer address: 29278208, bitmap address: 29282304, inuse: 0, total available: 5, next: 29277248, last: 29241344}
	 - __ADDR: 29277248 {parent cache: 29245440, buffer address: 29286400, bitmap address: 29290496, inuse: 0, total available: 5, next: 29280384, last: 29274112}
	 - __ADDR: 29280384 {parent cache: 29245440, buffer address: 29294592, bitmap address: 29298688, inuse: 0, total available: 5, next: 29283520, last: 29277248}
	 - __ADDR: 29283520 {parent cache: 29245440, buffer address: 29302784, bitmap address: 29306880, inuse: 0, total available: 5, next: 29286656, last: 29280384}
	 - __ADDR: 29286656 {parent cache: 29245440, buffer address: 29310976, bitmap address: 29315072, inuse: 0, total available: 5, next: 0, last: 29283520}
-----------------------
-----------------------
[+] Cache Name: Chad
[+] Flags: 0
[+] Object size: 2
[+] Limit: 0
[+] Batchount: 5
[+] Slab mutex state: 0
 - SLABS_FULL: 
	 - NULL
 - SLABS_PARTIAL: 
	 - __ADDR: 29323264 {parent cache: 29331456, buffer address: 29343744, bitmap address: 29347840, inuse: 0, total available: 5, next: 0, last: 0}
 - SLABS_FREE: 
	 - __ADDR: 29327360 {parent cache: 29331456, buffer address: 29351936, bitmap address: 29356032, inuse: 0, total available: 5, next: 29360128, last: 0}
	 - __ADDR: 29360128 {parent cache: 29331456, buffer address: 29364224, bitmap address: 29368320, inuse: 0, total available: 5, next: 29363264, last: 29327360}
	 - __ADDR: 29363264 {parent cache: 29331456, buffer address: 29372416, bitmap address: 29376512, inuse: 0, total available: 5, next: 29366400, last: 29360128}
	 - __ADDR: 29366400 {parent cache: 29331456, buffer address: 29380608, bitmap address: 29384704, inuse: 0, total available: 5, next: 29369536, last: 29363264}
	 - __ADDR: 29369536 {parent cache: 29331456, buffer address: 29388800, bitmap address: 29392896, inuse: 0, total available: 5, next: 29372672, last: 29366400}
	 - __ADDR: 29372672 {parent cache: 29331456, buffer address: 29396992, bitmap address: 29401088, inuse: 0, total available: 5, next: 0, last: 29369536}
-----------------------
-----------------------
[+] Cache Name: Chad
[+] Flags: 0
[+] Object size: 4
[+] Limit: 0
[+] Batchount: 5
[+] Slab mutex state: 0
 - SLABS_FULL: 
	 - NULL
 - SLABS_PARTIAL: 
	 - __ADDR: 29409280 {parent cache: 29417472, buffer address: 29429760, bitmap address: 29433856, inuse: 0, total available: 5, next: 0, last: 0}
 - SLABS_FREE: 
	 - __ADDR: 29413376 {parent cache: 29417472, buffer address: 29437952, bitmap address: 29442048, inuse: 0, total available: 5, next: 29446144, last: 0}
	 - __ADDR: 29446144 {parent cache: 29417472, buffer address: 29450240, bitmap address: 29454336, inuse: 0, total available: 5, next: 29449280, last: 29413376}
	 - __ADDR: 29449280 {parent cache: 29417472, buffer address: 29458432, bitmap address: 29462528, inuse: 0, total available: 5, next: 29452416, last: 29446144}
	 - __ADDR: 29452416 {parent cache: 29417472, buffer address: 29466624, bitmap address: 29470720, inuse: 0, total available: 5, next: 29455552, last: 29449280}
	 - __ADDR: 29455552 {parent cache: 29417472, buffer address: 29474816, bitmap address: 29478912, inuse: 0, total available: 5, next: 29458688, last: 29452416}
	 - __ADDR: 29458688 {parent cache: 29417472, buffer address: 29483008, bitmap address: 29487104, inuse: 0, total available: 5, next: 0, last: 29455552}
-----------------------
-----------------------
[+] Cache Name: Chad
[+] Flags: 0
[+] Object size: 8
[+] Limit: 0
[+] Batchount: 5
[+] Slab mutex state: 0
 - SLABS_FULL: 
	 - NULL
 - SLABS_PARTIAL: 
	 - __ADDR: 29495296 {parent cache: 29503488, buffer address: 29515776, bitmap address: 29519872, inuse: 0, total available: 5, next: 0, last: 0}
 - SLABS_FREE: 
	 - __ADDR: 29499392 {parent cache: 29503488, buffer address: 29523968, bitmap address: 29528064, inuse: 0, total available: 5, next: 29532160, last: 0}
	 - __ADDR: 29532160 {parent cache: 29503488, buffer address: 29536256, bitmap address: 29540352, inuse: 0, total available: 5, next: 29535296, last: 29499392}
	 - __ADDR: 29535296 {parent cache: 29503488, buffer address: 29544448, bitmap address: 29548544, inuse: 0, total available: 5, next: 29538432, last: 29532160}
	 - __ADDR: 29538432 {parent cache: 29503488, buffer address: 29552640, bitmap address: 29556736, inuse: 0, total available: 5, next: 29541568, last: 29535296}
	 - __ADDR: 29541568 {parent cache: 29503488, buffer address: 29560832, bitmap address: 29564928, inuse: 0, total available: 5, next: 29544704, last: 29538432}
	 - __ADDR: 29544704 {parent cache: 29503488, buffer address: 29569024, bitmap address: 29573120, inuse: 0, total available: 5, next: 0, last: 29541568}
-----------------------
-----------------------
[+] Cache Name: Chad
[+] Flags: 0
[+] Object size: 16
[+] Limit: 0
[+] Batchount: 5
[+] Slab mutex state: 0
 - SLABS_FULL: 
	 - NULL
 - SLABS_PARTIAL: 
	 - __ADDR: 29581312 {parent cache: 29589504, buffer address: 29601792, bitmap address: 29605888, inuse: 0, total available: 5, next: 0, last: 0}
 - SLABS_FREE: 
	 - __ADDR: 29585408 {parent cache: 29589504, buffer address: 29609984, bitmap address: 29614080, inuse: 0, total available: 5, next: 29618176, last: 0}
	 - __ADDR: 29618176 {parent cache: 29589504, buffer address: 29622272, bitmap address: 29626368, inuse: 0, total available: 5, next: 29621312, last: 29585408}
	 - __ADDR: 29621312 {parent cache: 29589504, buffer address: 29630464, bitmap address: 29634560, inuse: 0, total available: 5, next: 29624448, last: 29618176}
	 - __ADDR: 29624448 {parent cache: 29589504, buffer address: 29638656, bitmap address: 29642752, inuse: 0, total available: 5, next: 29627584, last: 29621312}
	 - __ADDR: 29627584 {parent cache: 29589504, buffer address: 29646848, bitmap address: 29650944, inuse: 0, total available: 5, next: 29630720, last: 29624448}
	 - __ADDR: 29630720 {parent cache: 29589504, buffer address: 29655040, bitmap address: 29659136, inuse: 0, total available: 5, next: 0, last: 29627584}
-----------------------
-----------------------
[+] Cache Name: Chad
[+] Flags: 0
[+] Object size: 32
[+] Limit: 0
[+] Batchount: 5
[+] Slab mutex state: 0
 - SLABS_FULL: 
	 - NULL
 - SLABS_PARTIAL: 
	 - __ADDR: 29667328 {parent cache: 29675520, buffer address: 29687808, bitmap address: 29691904, inuse: 0, total available: 5, next: 0, last: 0}
 - SLABS_FREE: 
	 - __ADDR: 29671424 {parent cache: 29675520, buffer address: 29696000, bitmap address: 29700096, inuse: 0, total available: 5, next: 29704192, last: 0}
	 - __ADDR: 29704192 {parent cache: 29675520, buffer address: 29708288, bitmap address: 29712384, inuse: 0, total available: 5, next: 29707328, last: 29671424}
	 - __ADDR: 29707328 {parent cache: 29675520, buffer address: 29716480, bitmap address: 29720576, inuse: 0, total available: 5, next: 29710464, last: 29704192}
	 - __ADDR: 29710464 {parent cache: 29675520, buffer address: 29724672, bitmap address: 29728768, inuse: 0, total available: 5, next: 29713600, last: 29707328}
	 - __ADDR: 29713600 {parent cache: 29675520, buffer address: 29732864, bitmap address: 29736960, inuse: 0, total available: 5, next: 29716736, last: 29710464}
	 - __ADDR: 29716736 {parent cache: 29675520, buffer address: 29741056, bitmap address: 29745152, inuse: 0, total available: 5, next: 0, last: 29713600}
-----------------------
-----------------------
[+] Cache Name: Chad
[+] Flags: 0
[+] Object size: 64
[+] Limit: 0
[+] Batchount: 5
[+] Slab mutex state: 0
 - SLABS_FULL: 
	 - NULL
 - SLABS_PARTIAL: 
	 - __ADDR: 29753344 {parent cache: 29761536, buffer address: 29773824, bitmap address: 29777920, inuse: 0, total available: 5, next: 0, last: 0}
 - SLABS_FREE: 
	 - __ADDR: 29757440 {parent cache: 29761536, buffer address: 29782016, bitmap address: 29786112, inuse: 0, total available: 5, next: 29790208, last: 0}
	 - __ADDR: 29790208 {parent cache: 29761536, buffer address: 29794304, bitmap address: 29798400, inuse: 0, total available: 5, next: 29793344, last: 29757440}
	 - __ADDR: 29793344 {parent cache: 29761536, buffer address: 29802496, bitmap address: 29806592, inuse: 0, total available: 5, next: 29796480, last: 29790208}
	 - __ADDR: 29796480 {parent cache: 29761536, buffer address: 29810688, bitmap address: 29814784, inuse: 0, total available: 5, next: 29799616, last: 29793344}
	 - __ADDR: 29799616 {parent cache: 29761536, buffer address: 29818880, bitmap address: 29822976, inuse: 0, total available: 5, next: 29802752, last: 29796480}
	 - __ADDR: 29802752 {parent cache: 29761536, buffer address: 29827072, bitmap address: 29831168, inuse: 0, total available: 5, next: 0, last: 29799616}
-----------------------
-----------------------
[+] Cache Name: Chad
[+] Flags: 0
[+] Object size: 128
[+] Limit: 0
[+] Batchount: 5
[+] Slab mutex state: 0
 - SLABS_FULL: 
	 - NULL
 - SLABS_PARTIAL: 
	 - __ADDR: 29839360 {parent cache: 29847552, buffer address: 29859840, bitmap address: 29863936, inuse: 0, total available: 5, next: 0, last: 0}
 - SLABS_FREE: 
	 - __ADDR: 29843456 {parent cache: 29847552, buffer address: 29868032, bitmap address: 29872128, inuse: 0, total available: 5, next: 29876224, last: 0}
	 - __ADDR: 29876224 {parent cache: 29847552, buffer address: 29880320, bitmap address: 29884416, inuse: 0, total available: 5, next: 29879360, last: 29843456}
	 - __ADDR: 29879360 {parent cache: 29847552, buffer address: 29888512, bitmap address: 29892608, inuse: 0, total available: 5, next: 29882496, last: 29876224}
	 - __ADDR: 29882496 {parent cache: 29847552, buffer address: 29896704, bitmap address: 29900800, inuse: 0, total available: 5, next: 29885632, last: 29879360}
	 - __ADDR: 29885632 {parent cache: 29847552, buffer address: 29904896, bitmap address: 29908992, inuse: 0, total available: 5, next: 29888768, last: 29882496}
	 - __ADDR: 29888768 {parent cache: 29847552, buffer address: 29913088, bitmap address: 29917184, inuse: 0, total available: 5, next: 0, last: 29885632}
-----------------------
-----------------------
[+] Cache Name: Chad
[+] Flags: 0
[+] Object size: 256
[+] Limit: 0
[+] Batchount: 5
[+] Slab mutex state: 0
 - SLABS_FULL: 
	 - NULL
 - SLABS_PARTIAL: 
	 - __ADDR: 29925376 {parent cache: 29933568, buffer address: 29945856, bitmap address: 29949952, inuse: 0, total available: 5, next: 0, last: 0}
 - SLABS_FREE: 
	 - __ADDR: 29929472 {parent cache: 29933568, buffer address: 29954048, bitmap address: 29958144, inuse: 0, total available: 5, next: 29962240, last: 0}
	 - __ADDR: 29962240 {parent cache: 29933568, buffer address: 29966336, bitmap address: 29970432, inuse: 0, total available: 5, next: 29965376, last: 29929472}
	 - __ADDR: 29965376 {parent cache: 29933568, buffer address: 29974528, bitmap address: 29978624, inuse: 0, total available: 5, next: 29968512, last: 29962240}
	 - __ADDR: 29968512 {parent cache: 29933568, buffer address: 29982720, bitmap address: 29986816, inuse: 0, total available: 5, next: 29971648, last: 29965376}
	 - __ADDR: 29971648 {parent cache: 29933568, buffer address: 29990912, bitmap address: 29995008, inuse: 0, total available: 5, next: 29974784, last: 29968512}
	 - __ADDR: 29974784 {parent cache: 29933568, buffer address: 29999104, bitmap address: 30003200, inuse: 0, total available: 5, next: 0, last: 29971648}
-----------------------
-----------------------
[+] Cache Name: Chad
[+] Flags: 0
[+] Object size: 512
[+] Limit: 0
[+] Batchount: 5
[+] Slab mutex state: 0
 - SLABS_FULL: 
	 - NULL
 - SLABS_PARTIAL: 
	 - __ADDR: 30011392 {parent cache: 30019584, buffer address: 30031872, bitmap address: 30035968, inuse: 0, total available: 5, next: 0, last: 0}
 - SLABS_FREE: 
	 - __ADDR: 30015488 {parent cache: 30019584, buffer address: 30040064, bitmap address: 30044160, inuse: 0, total available: 5, next: 30048256, last: 0}
	 - __ADDR: 30048256 {parent cache: 30019584, buffer address: 30052352, bitmap address: 30056448, inuse: 0, total available: 5, next: 30051392, last: 30015488}
	 - __ADDR: 30051392 {parent cache: 30019584, buffer address: 30060544, bitmap address: 30064640, inuse: 0, total available: 5, next: 30054528, last: 30048256}
	 - __ADDR: 30054528 {parent cache: 30019584, buffer address: 30068736, bitmap address: 30072832, inuse: 0, total available: 5, next: 30057664, last: 30051392}
	 - __ADDR: 30057664 {parent cache: 30019584, buffer address: 30076928, bitmap address: 30081024, inuse: 0, total available: 5, next: 30060800, last: 30054528}
	 - __ADDR: 30060800 {parent cache: 30019584, buffer address: 30085120, bitmap address: 30089216, inuse: 0, total available: 5, next: 0, last: 30057664}
-----------------------
-----------------------
[+] Cache Name: Chad
[+] Flags: 0
[+] Object size: 1024
[+] Limit: 0
[+] Batchount: 5
[+] Slab mutex state: 0
 - SLABS_FULL: 
	 - NULL
 - SLABS_PARTIAL: 
	 - __ADDR: 30097408 {parent cache: 30105600, buffer address: 30121984, bitmap address: 30130176, inuse: 0, total available: 5, next: 0, last: 0}
 - SLABS_FREE: 
	 - __ADDR: 30101504 {parent cache: 30105600, buffer address: 30134272, bitmap address: 30142464, inuse: 0, total available: 5, next: 30146560, last: 0}
	 - __ADDR: 30146560 {parent cache: 30105600, buffer address: 30150656, bitmap address: 30158848, inuse: 0, total available: 5, next: 30149696, last: 30101504}
	 - __ADDR: 30149696 {parent cache: 30105600, buffer address: 30162944, bitmap address: 30171136, inuse: 0, total available: 5, next: 30152832, last: 30146560}
	 - __ADDR: 30152832 {parent cache: 30105600, buffer address: 30175232, bitmap address: 30183424, inuse: 0, total available: 5, next: 30155968, last: 30149696}
	 - __ADDR: 30155968 {parent cache: 30105600, buffer address: 30187520, bitmap address: 30195712, inuse: 0, total available: 5, next: 30159104, last: 30152832}
	 - __ADDR: 30159104 {parent cache: 30105600, buffer address: 30199808, bitmap address: 30208000, inuse: 0, total available: 5, next: 0, last: 30155968}
-----------------------
 - GDT loaded... initializing segment registers...
[ACPI] Initializing ACPI
 - ACPI Version 1.0 detected
 - ACPI RSDT Pointer: 3221099582
[LOG] ACPI MADT found: 3221099350
[ACPI - MADT] MADT SDT Header:
 - Signature: APIC 
 - Length: 176
 - Revision: 1
 - Checksum: 62
 - OEMID: 3221099360
[ACPI - MADT] Detected Core: 0
[ACPI - MADT] Detected Core: 1
[ACPI - MADT] Detected Core: 2
[ACPI - MADT] Detected Core: 3
[ACPI - MADT] Detected Core: 4
[ACPI - MADT] Detected Core: 5
[ACPI - MADT] Detected Core: 6
[ACPI - MADT] Detected Core: 7
[ACPI - MADT] Detected IOAPIC: 
 - base: 4273995776
 - gsi: 0
[LAPIC] LAPIC IA32_APIC_BASE MSR value: 4276092928
[LAPIC] LAPIC Spurious Interrupt Vector Ptr: 4276093168
[IOAPIC] base: 4273995776
[IOAPIC] gsi: 0
[IOAPIC] max redirection entry: 23
 - irq 0 --> gsi 2 : 0
 - RETURNING TRUE;
[IOAPIC] Remapping IOAPIC irq 2 to vector 252
 - irq 0 --> gsi 2 : 1
 - irq 5 --> gsi 5 : 1
 - irq 9 --> gsi 9 : 1
 - irq 10 --> gsi 10 : 1
 - irq 11 --> gsi 11 : 1
[IOAPIC] Remapping IOAPIC irq 1 to vector 33
 - irq 0 --> gsi 2 : 2
 - RETURNING TRUE;
 - irq 0 --> gsi 2 : 3
 - irq 5 --> gsi 5 : 3
 - irq 9 --> gsi 9 : 3
 - irq 10 --> gsi 10 : 3
 - irq 11 --> gsi 11 : 3
[IOAPIC] Remapping IOAPIC irq 3 to vector 35
 - irq 0 --> gsi 2 : 4
 - irq 5 --> gsi 5 : 4
 - irq 9 --> gsi 9 : 4
 - irq 10 --> gsi 10 : 4
 - irq 11 --> gsi 11 : 4
[IOAPIC] Remapping IOAPIC irq 4 to vector 36
 - irq 0 --> gsi 2 : 5
 - irq 5 --> gsi 5 : 5
 - RETURNING TRUE;
[IOAPIC] Remapping IOAPIC irq 5 to vector 249
 - irq 0 --> gsi 2 : 6
 - irq 5 --> gsi 5 : 6
 - irq 9 --> gsi 9 : 6
 - irq 10 --> gsi 10 : 6
 - irq 11 --> gsi 11 : 6
[IOAPIC] Remapping IOAPIC irq 6 to vector 38
 - irq 0 --> gsi 2 : 7
 - irq 5 --> gsi 5 : 7
 - irq 9 --> gsi 9 : 7
 - irq 10 --> gsi 10 : 7
 - irq 11 --> gsi 11 : 7
[IOAPIC] Remapping IOAPIC irq 7 to vector 39
 - irq 0 --> gsi 2 : 8
 - irq 5 --> gsi 5 : 8
 - irq 9 --> gsi 9 : 8
 - irq 10 --> gsi 10 : 8
 - irq 11 --> gsi 11 : 8
[IOAPIC] Remapping IOAPIC irq 8 to vector 40
 - irq 0 --> gsi 2 : 9
 - irq 5 --> gsi 5 : 9
 - irq 9 --> gsi 9 : 9
 - RETURNING TRUE;
[IOAPIC] Remapping IOAPIC irq 9 to vector 245
 - irq 0 --> gsi 2 : 10
 - irq 5 --> gsi 5 : 10
 - irq 9 --> gsi 9 : 10
 - irq 10 --> gsi 10 : 10
 - RETURNING TRUE;
[IOAPIC] Remapping IOAPIC irq 10 to vector 244
 - irq 0 --> gsi 2 : 11
 - irq 5 --> gsi 5 : 11
 - irq 9 --> gsi 9 : 11
 - irq 10 --> gsi 10 : 11
 - irq 11 --> gsi 11 : 11
 - RETURNING TRUE;
[IOAPIC] Remapping IOAPIC irq 11 to vector 243
 - irq 0 --> gsi 2 : 12
 - irq 5 --> gsi 5 : 12
 - irq 9 --> gsi 9 : 12
 - irq 10 --> gsi 10 : 12
 - irq 11 --> gsi 11 : 12
[IOAPIC] Remapping IOAPIC irq 12 to vector 44
 - irq 0 --> gsi 2 : 13
 - irq 5 --> gsi 5 : 13
 - irq 9 --> gsi 9 : 13
 - irq 10 --> gsi 10 : 13
 - irq 11 --> gsi 11 : 13
[IOAPIC] Remapping IOAPIC irq 13 to vector 45
 - irq 0 --> gsi 2 : 14
 - irq 5 --> gsi 5 : 14
 - irq 9 --> gsi 9 : 14
 - irq 10 --> gsi 10 : 14
 - irq 11 --> gsi 11 : 14
[IOAPIC] Remapping IOAPIC irq 14 to vector 46
 - irq 0 --> gsi 2 : 15
 - irq 5 --> gsi 5 : 15
 - irq 9 --> gsi 9 : 15
 - irq 10 --> gsi 10 : 15
 - irq 11 --> gsi 11 : 15
[IOAPIC] Remapping IOAPIC irq 15 to vector 47
 - irq 0 --> gsi 2 : 16
 - irq 5 --> gsi 5 : 16
 - irq 9 --> gsi 9 : 16
 - irq 10 --> gsi 10 : 16
 - irq 11 --> gsi 11 : 16
[IOAPIC] Remapping IOAPIC irq 16 to vector 48
 - irq 0 --> gsi 2 : 17
 - irq 5 --> gsi 5 : 17
 - irq 9 --> gsi 9 : 17
 - irq 10 --> gsi 10 : 17
 - irq 11 --> gsi 11 : 17
[IOAPIC] Remapping IOAPIC irq 17 to vector 49
 - irq 0 --> gsi 2 : 18
 - irq 5 --> gsi 5 : 18
 - irq 9 --> gsi 9 : 18
 - irq 10 --> gsi 10 : 18
 - irq 11 --> gsi 11 : 18
[IOAPIC] Remapping IOAPIC irq 18 to vector 50
 - irq 0 --> gsi 2 : 19
 - irq 5 --> gsi 5 : 19
 - irq 9 --> gsi 9 : 19
 - irq 10 --> gsi 10 : 19
 - irq 11 --> gsi 11 : 19
[IOAPIC] Remapping IOAPIC irq 19 to vector 51
 - irq 0 --> gsi 2 : 20
 - irq 5 --> gsi 5 : 20
 - irq 9 --> gsi 9 : 20
 - irq 10 --> gsi 10 : 20
 - irq 11 --> gsi 11 : 20
[IOAPIC] Remapping IOAPIC irq 20 to vector 52
 - irq 0 --> gsi 2 : 21
 - irq 5 --> gsi 5 : 21
 - irq 9 --> gsi 9 : 21
 - irq 10 --> gsi 10 : 21
 - irq 11 --> gsi 11 : 21
[IOAPIC] Remapping IOAPIC irq 21 to vector 53
 - irq 0 --> gsi 2 : 22
 - irq 5 --> gsi 5 : 22
 - irq 9 --> gsi 9 : 22
 - irq 10 --> gsi 10 : 22
 - irq 11 --> gsi 11 : 22
[IOAPIC] Remapping IOAPIC irq 22 to vector 54
 - irq 0 --> gsi 2 : 23
 - irq 5 --> gsi 5 : 23
 - irq 9 --> gsi 9 : 23
 - irq 10 --> gsi 10 : 23
 - irq 11 --> gsi 11 : 23
[IOAPIC] Remapping IOAPIC irq 23 to vector 55
[IOAPIC] Finished IRQ Mappings!
[PS2] Writing to ps2 controller: 173
 - First byte: 173
[PS2] Writing to ps2 controller: 167
 - First byte: 167
[PS2] Flushing output buffer
[PS2] READING PS2 INPUT.
[PS2] Enabling ps2 devices
[PS2] Writing to ps2 controller: 174
 - First byte: 174
[PS2] Writing to ps2 controller: 168
 - First byte: 168
[PS2] Setting controller configuration byte to support interrupts
[PS2] Writing to ps2 controller: 864
 - First byte: 96
 - Second byte: 3
[PS2] Absolute bruh moment.
	 - CLASS CODE: 6
	 - SUBCLASS: 0
	 - MSI - DEVICE DOES NOT SUPPORT MSI!
	 - CLASS CODE: 6
	 - SUBCLASS: 1
	 - MSI - DEVICE DOES NOT SUPPORT MSI!
	 - CLASS CODE: 1
	 - SUBCLASS: 1
	 - MSI - DEVICE DOES NOT SUPPORT MSI!
	 - CLASS CODE: 6
	 - SUBCLASS: 128
	 - MSI - DEVICE DOES NOT SUPPORT MSI!
	 - CLASS CODE: 3
	 - SUBCLASS: 0
	 - MSI - DEVICE DOES NOT SUPPORT MSI!
	 - CLASS CODE: 2
	 - SUBCLASS: 0
	 - MSI - DEVICE DOES NOT SUPPORT MSI!
	 - CLASS CODE: 1
	 - SUBCLASS: 8
	 - MSI - DEVICE DOES NOT SUPPORT MSI!
	 - CLASS CODE: 1
	 - SUBCLASS: 6
	 - MSI - DEVICE DOES NOT SUPPORT MSI![PCI - DEBUG] DEVICES DETECTED TOTAL: 8
[PCI - DEBUG]: Device:
 - Device ID: 4663
 - Vendor ID: 32902
 - Bus: 0
 - Device: 0
 - Function: 0
 - BAR's:
	 - Bar #0: 
	 - Base Address: 0
	 - Length: 0
	 - Is MMIO: true
	 - Bar #1: 
	 - Base Address: 0
	 - Length: 0
	 - Is MMIO: true
	 - Bar #2: 
	 - Base Address: 0
	 - Length: 0
	 - Is MMIO: true
	 - Bar #3: 
	 - Base Address: 0
	 - Length: 0
	 - Is MMIO: true
	 - Bar #4: 
	 - Base Address: 0
	 - Length: 0
	 - Is MMIO: true
	 - Bar #5: 
	 - Base Address: 0
	 - Length: 0
	 - Is MMIO: true
[PCI - DEBUG]: Device:
 - Device ID: 28672
 - Vendor ID: 32902
 - Bus: 0
 - Device: 1
 - Function: 0
 - BAR's:
	 - Bar #0: 
	 - Base Address: 0
	 - Length: 0
	 - Is MMIO: true
	 - Bar #1: 
	 - Base Address: 0
	 - Length: 0
	 - Is MMIO: true
	 - Bar #2: 
	 - Base Address: 0
	 - Length: 0
	 - Is MMIO: true
	 - Bar #3: 
	 - Base Address: 0
	 - Length: 0
	 - Is MMIO: true
	 - Bar #4: 
	 - Base Address: 0
	 - Length: 0
	 - Is MMIO: true
	 - Bar #5: 
	 - Base Address: 0
	 - Length: 0
	 - Is MMIO: true
[PCI - DEBUG]: Device:
 - Device ID: 28688
 - Vendor ID: 32902
 - Bus: 0
 - Device: 1
 - Function: 1
 - BAR's:
	 - Bar #0: 
	 - Base Address: 0
	 - Length: 0
	 - Is MMIO: true
	 - Bar #1: 
	 - Base Address: 0
	 - Length: 0
	 - Is MMIO: true
	 - Bar #2: 
	 - Base Address: 0
	 - Length: 0
	 - Is MMIO: true
	 - Bar #3: 
	 - Base Address: 0
	 - Length: 0
	 - Is MMIO: true
	 - Bar #4: 
	 - Base Address: 49248
	 - Length: 16
	 - Is MMIO: false
	 - Bar #5: 
	 - Base Address: 0
	 - Length: 0
	 - Is MMIO: true
[PCI - DEBUG]: Device:
 - Device ID: 28947
 - Vendor ID: 32902
 - Bus: 0
 - Device: 1
 - Function: 3
 - BAR's:
	 - Bar #0: 
	 - Base Address: 0
	 - Length: 0
	 - Is MMIO: true
	 - Bar #1: 
	 - Base Address: 0
	 - Length: 0
	 - Is MMIO: true
	 - Bar #2: 
	 - Base Address: 0
	 - Length: 0
	 - Is MMIO: true
	 - Bar #3: 
	 - Base Address: 0
	 - Length: 0
	 - Is MMIO: true
	 - Bar #4: 
	 - Base Address: 0
	 - Length: 0
	 - Is MMIO: true
	 - Bar #5: 
	 - Base Address: 0
	 - Length: 0
	 - Is MMIO: true
[PCI - DEBUG]: Device:
 - Device ID: 4369
 - Vendor ID: 4660
 - Bus: 0
 - Device: 2
 - Function: 0
 - BAR's:
	 - Bar #0: 
	 - Base Address: 4244635648
	 - Length: 16777216
	 - Is MMIO: true
	 - Bar #1: 
	 - Base Address: 0
	 - Length: 0
	 - Is MMIO: true
	 - Bar #2: 
	 - Base Address: 4273676288
	 - Length: 4096
	 - Is MMIO: true
	 - Bar #3: 
	 - Base Address: 0
	 - Length: 0
	 - Is MMIO: true
	 - Bar #4: 
	 - Base Address: 0
	 - Length: 0
	 - Is MMIO: true
	 - Bar #5: 
	 - Base Address: 0
	 - Length: 0
	 - Is MMIO: true
[PCI - DEBUG]: Device:
 - Device ID: 4110
 - Vendor ID: 32902
 - Bus: 0
 - Device: 3
 - Function: 0
 - BAR's:
	 - Bar #0: 
	 - Base Address: 4273471488
	 - Length: 131072
	 - Is MMIO: true
	 - Bar #1: 
	 - Base Address: 49152
	 - Length: 64
	 - Is MMIO: false
	 - Bar #2: 
	 - Base Address: 0
	 - Length: 0
	 - Is MMIO: true
	 - Bar #3: 
	 - Base Address: 0
	 - Length: 0
	 - Is MMIO: true
	 - Bar #4: 
	 - Base Address: 0
	 - Length: 0
	 - Is MMIO: true
	 - Bar #5: 
	 - Base Address: 0
	 - Length: 0
	 - Is MMIO: true
[PCI - DEBUG]: Device:
 - Device ID: 22597
 - Vendor ID: 32902
 - Bus: 0
 - Device: 4
 - Function: 0
 - BAR's:
	 - Bar #0: 
	 - Base Address: 4273668096
	 - Length: 8192
	 - Is MMIO: true
	 - Bar #1: 
	 - Base Address: 0
	 - Length: 0
	 - Is MMIO: false
	 - Bar #2: 
	 - Base Address: 0
	 - Length: 0
	 - Is MMIO: true
	 - Bar #3: 
	 - Base Address: 0
	 - Length: 0
	 - Is MMIO: true
	 - Bar #4: 
	 - Base Address: 4273680384
	 - Length: 4096
	 - Is MMIO: true
	 - Bar #5: 
	 - Base Address: 0
	 - Length: 0
	 - Is MMIO: true
[PCI - DEBUG]: Device:
 - Device ID: 10530
 - Vendor ID: 32902
 - Bus: 0
 - Device: 5
 - Function: 0
 - BAR's:
	 - Bar #0: 
	 - Base Address: 0
	 - Length: 0
	 - Is MMIO: true
	 - Bar #1: 
	 - Base Address: 0
	 - Length: 0
	 - Is MMIO: true
	 - Bar #2: 
	 - Base Address: 0
	 - Length: 0
	 - Is MMIO: true
	 - Bar #3: 
	 - Base Address: 0
	 - Length: 0
	 - Is MMIO: true
	 - Bar #4: 
	 - Base Address: 49216
	 - Length: 32
	 - Is MMIO: false
	 - Bar #5: 
	 - Base Address: 4273684480
	 - Length: 4096
	 - Is MMIO: true
[NVME] Initializing NVME...
[NVME] Found NVME Drive: 
 - Device ID: 22597
 - Vendor ID: 32902
 - Bus: 0
 - Device: 4
 - Function: 0
 - BAR's:
	 - Bar #0: 
	 - Base Address: 4273668096
	 - Length: 8192
	 - Is MMIO: true
	 - Bar #1: 
	 - Base Address: 0
	 - Length: 0
	 - Is MMIO: false
	 - Bar #2: 
	 - Base Address: 0
	 - Length: 0
	 - Is MMIO: true
	 - Bar #3: 
	 - Base Address: 0
	 - Length: 0
	 - Is MMIO: true
	 - Bar #4: 
	 - Base Address: 4273680384
	 - Length: 4096
	 - Is MMIO: true
	 - Bar #5: 
	 - Base Address: 0
	 - Length: 0
	 - Is MMIO: true
 - Command Register: 263
 - Status Register: 16
[NVME] Writing to AQA...
[NVME] Writing to ACQ...
[NVME] Writing to ASQ...
[NVME] Maximum number of entries per queue: 2046
[NVME] Enabled NVME controller and set CC Register
[NVME] Detecting Namespaces
 - BEFORE: Queue Status: 
	 - Queue Base: 30334976
	 - Queue Length: 4096
	 - Queue Doorbell Address: 4273672192
	 - Queue Doorbell Previous Value: 0
 - Command: 
	 - sizeof(struct NVME_Command): 64
	 - Opcode: 6
	 - Zero0: 0
	 - CID: 0
	 - NSID: 0
	 - Zero1: 0
	 - Mptr: 0
	 - PRP1: 30339072
	 - PRP2: 0
	 - Specifics (DWORD's 10-15): 
		 - DWORD0: 2
		 - DWORD1: 0
		 - DWORD2: 0
		 - DWORD3: 0
		 - DWORD4: 0
		 - DWORD5: 0
 - Submission Queue Pointer Value: 30334976
 - AFTER: Queue Status: 
	 - Queue Base: 30334976
	 - Queue Length: 4096
	 - Queue Doorbell Address: 4273672192
	 - Queue Doorbell Previous Value: 1
[NVME] Reading CQ Value...
 - Command: 
	 - sizeof(struct NVME_Command): 64
	 - Opcode: 6
	 - Zero0: 0
	 - CID: 0
	 - NSID: 0
	 - Zero1: 0
	 - Mptr: 0
	 - PRP1: 30339072
	 - PRP2: 0
	 - Specifics (DWORD's 10-15): 
		 - DWORD0: 2
		 - DWORD1: 0
		 - DWORD2: 0
		 - DWORD3: 0
		 - DWORD4: 0
		 - DWORD5: 0
[NVME] Memory copied from CQ
[NVME] Wrote to CQ Doorbell Register... Returning...
 - BEFORE: Queue Status: 
	 - Queue Base: 30334976
	 - Queue Length: 4096
	 - Queue Doorbell Address: 4273672192
	 - Queue Doorbell Previous Value: 1
 - Command: 
	 - sizeof(struct NVME_Command): 64
	 - Opcode: 6
	 - Zero0: 0
	 - CID: 0
	 - NSID: 1
	 - Zero1: 0
	 - Mptr: 0
	 - PRP1: 30339072
	 - PRP2: 0
	 - Specifics (DWORD's 10-15): 
		 - DWORD0: 0
		 - DWORD1: 0
		 - DWORD2: 0
		 - DWORD3: 0
		 - DWORD4: 0
		 - DWORD5: 0
 - Submission Queue Pointer Value: 30335040
 - AFTER: Queue Status: 
	 - Queue Base: 30334976
	 - Queue Length: 4096
	 - Queue Doorbell Address: 4273672192
	 - Queue Doorbell Previous Value: 2
[NVME] Reading CQ Value...
 - Command: 
	 - sizeof(struct NVME_Command): 64
	 - Opcode: 6
	 - Zero0: 0
	 - CID: 1
	 - NSID: 1
	 - Zero1: 0
	 - Mptr: 0
	 - PRP1: 30339072
	 - PRP2: 0
	 - Specifics (DWORD's 10-15): 
		 - DWORD0: 0
		 - DWORD1: 0
		 - DWORD2: 0
		 - DWORD3: 0
		 - DWORD4: 0
		 - DWORD5: 0
[NVME] Memory copied from CQ
[NVME] Wrote to CQ Doorbell Register... Returning...
[NVME] Detected NSID: 1
 - Namespace Size: 262144
 - Namespace Capacity: 0

[NVME] Sending 'set features' command.
 - BEFORE: Queue Status: 
	 - Queue Base: 30334976
	 - Queue Length: 4096
	 - Queue Doorbell Address: 4273672192
	 - Queue Doorbell Previous Value: 2
 - Command: 
	 - sizeof(struct NVME_Command): 64
	 - Opcode: 9
	 - Zero0: 0
	 - CID: 0
	 - NSID: 0
	 - Zero1: 0
	 - Mptr: 0
	 - PRP1: 0
	 - PRP2: 0
	 - Specifics (DWORD's 10-15): 
		 - DWORD0: 7
		 - DWORD1: 0
		 - DWORD2: 0
		 - DWORD3: 0
		 - DWORD4: 0
		 - DWORD5: 0
 - Submission Queue Pointer Value: 30335104
 - AFTER: Queue Status: 
	 - Queue Base: 30334976
	 - Queue Length: 4096
	 - Queue Doorbell Address: 4273672192
	 - Queue Doorbell Previous Value: 3
[NVME] Reading CQ Value...
 - Command: 
	 - sizeof(struct NVME_Command): 64
	 - Opcode: 9
	 - Zero0: 0
	 - CID: 2
	 - NSID: 0
	 - Zero1: 0
	 - Mptr: 0
	 - PRP1: 0
	 - PRP2: 0
	 - Specifics (DWORD's 10-15): 
		 - DWORD0: 7
		 - DWORD1: 0
		 - DWORD2: 0
		 - DWORD3: 0
		 - DWORD4: 0
		 - DWORD5: 0
[NVME] Memory copied from CQ
[NVME] Wrote to CQ Doorbell Register... Returning...

[NVME] Creating IO Completion Queues!
 - BEFORE: Queue Status: 
	 - Queue Base: 30334976
	 - Queue Length: 4096
	 - Queue Doorbell Address: 4273672192
	 - Queue Doorbell Previous Value: 3
 - Command: 
	 - sizeof(struct NVME_Command): 64
	 - Opcode: 5
	 - Zero0: 0
	 - CID: 0
	 - NSID: 0
	 - Zero1: 0
	 - Mptr: 0
	 - PRP1: 30339072
	 - PRP2: 0
	 - Specifics (DWORD's 10-15): 
		 - DWORD0: 134086657
		 - DWORD1: 1
		 - DWORD2: 0
		 - DWORD3: 0
		 - DWORD4: 0
		 - DWORD5: 0
 - Submission Queue Pointer Value: 30335168
 - AFTER: Queue Status: 
	 - Queue Base: 30334976
	 - Queue Length: 4096
	 - Queue Doorbell Address: 4273672192
	 - Queue Doorbell Previous Value: 4
[NVME] Reading CQ Value...
 - Command: 
	 - sizeof(struct NVME_Command): 64
	 - Opcode: 5
	 - Zero0: 0
	 - CID: 3
	 - NSID: 0
	 - Zero1: 0
	 - Mptr: 0
	 - PRP1: 30339072
	 - PRP2: 0
	 - Specifics (DWORD's 10-15): 
		 - DWORD0: 134086657
		 - DWORD1: 1
		 - DWORD2: 0
		 - DWORD3: 0
		 - DWORD4: 0
		 - DWORD5: 0
[NVME] Memory copied from CQ
[NVME] Wrote to CQ Doorbell Register... Returning...

[NVME] Creating IO Submission Queues!
 - BEFORE: Queue Status: 
	 - Queue Base: 30334976
	 - Queue Length: 4096
	 - Queue Doorbell Address: 4273672192
	 - Queue Doorbell Previous Value: 4
 - Command: 
	 - sizeof(struct NVME_Command): 64
	 - Opcode: 1
	 - Zero0: 0
	 - CID: 0
	 - NSID: 0
	 - Zero1: 0
	 - Mptr: 0
	 - PRP1: 46985216
	 - PRP2: 0
	 - Specifics (DWORD's 10-15): 
		 - DWORD0: 134086657
		 - DWORD1: 65537
		 - DWORD2: 0
		 - DWORD3: 0
		 - DWORD4: 0
		 - DWORD5: 0
 - Submission Queue Pointer Value: 30335232
 - AFTER: Queue Status: 
	 - Queue Base: 30334976
	 - Queue Length: 4096
	 - Queue Doorbell Address: 4273672192
	 - Queue Doorbell Previous Value: 5
[NVME] Reading CQ Value...
 - Command: 
	 - sizeof(struct NVME_Command): 64
	 - Opcode: 1
	 - Zero0: 0
	 - CID: 4
	 - NSID: 0
	 - Zero1: 0
	 - Mptr: 0
	 - PRP1: 46985216
	 - PRP2: 0
	 - Specifics (DWORD's 10-15): 
		 - DWORD0: 134086657
		 - DWORD1: 65537
		 - DWORD2: 0
		 - DWORD3: 0
		 - DWORD4: 0
		 - DWORD5: 0
[NVME] Memory copied from CQ
[NVME] Wrote to CQ Doorbell Register... Returning...
[NVME] WRITING BLOCK:
 - BEFORE: Queue Status: 
	 - Queue Base: 46985216
	 - Queue Length: 2046
	 - Queue Doorbell Address: 4273672200
	 - Queue Doorbell Previous Value: 0
 - Command: 
	 - sizeof(struct NVME_Command): 64
	 - Opcode: 1
	 - Zero0: 0
	 - CID: 0
	 - NSID: 1
	 - Zero1: 0
	 - Mptr: 0
	 - PRP1: 63238144
	 - PRP2: 0
	 - Specifics (DWORD's 10-15): 
		 - DWORD0: 10
		 - DWORD1: 0
		 - DWORD2: 1
		 - DWORD3: 0
		 - DWORD4: 0
		 - DWORD5: 0
 - Submission Queue Pointer Value: 46985216
 - AFTER: Queue Status: 
	 - Queue Base: 46985216
	 - Queue Length: 2046
	 - Queue Doorbell Address: 4273672200
	 - Queue Doorbell Previous Value: 1
[NVME] Reading CQ Value...
 - Command: 
	 - sizeof(struct NVME_Command): 64
	 - Opcode: 1
	 - Zero0: 0
	 - CID: 0
	 - NSID: 1
	 - Zero1: 0
	 - Mptr: 0
	 - PRP1: 63238144
	 - PRP2: 0
	 - Specifics (DWORD's 10-15): 
		 - DWORD0: 10
		 - DWORD1: 0
		 - DWORD2: 1
		 - DWORD3: 0
		 - DWORD4: 0
		 - DWORD5: 0
[NVME] Memory copied from CQ
[NVME] Wrote to CQ Doorbell Register... Returning...
[NVME] WROTE block...:
[NVME] FLUSHING CHANGES:
 - BEFORE: Queue Status: 
	 - Queue Base: 46985216
	 - Queue Length: 2046
	 - Queue Doorbell Address: 4273672200
	 - Queue Doorbell Previous Value: 1
 - Command: 
	 - sizeof(struct NVME_Command): 64
	 - Opcode: 0
	 - Zero0: 0
	 - CID: 0
	 - NSID: 1
	 - Zero1: 0
	 - Mptr: 0
	 - PRP1: 0
	 - PRP2: 0
	 - Specifics (DWORD's 10-15): 
		 - DWORD0: 0
		 - DWORD1: 0
		 - DWORD2: 0
		 - DWORD3: 0
		 - DWORD4: 0
		 - DWORD5: 0
 - Submission Queue Pointer Value: 46985280
 - AFTER: Queue Status: 
	 - Queue Base: 46985216
	 - Queue Length: 2046
	 - Queue Doorbell Address: 4273672200
	 - Queue Doorbell Previous Value: 2
[NVME] Reading CQ Value...
 - Command: 
	 - sizeof(struct NVME_Command): 64
	 - Opcode: 0
	 - Zero0: 0
	 - CID: 1
	 - NSID: 1
	 - Zero1: 0
	 - Mptr: 0
	 - PRP1: 0
	 - PRP2: 0
	 - Specifics (DWORD's 10-15): 
		 - DWORD0: 0
		 - DWORD1: 0
		 - DWORD2: 0
		 - DWORD3: 0
		 - DWORD4: 0
		 - DWORD5: 0
[NVME] Memory copied from CQ
[NVME] Wrote to CQ Doorbell Register... Returning...
[NVME] FLUSHED block...:
[NVME] READING BLOCK:
 - BEFORE: Queue Status: 
	 - Queue Base: 46985216
	 - Queue Length: 2046
	 - Queue Doorbell Address: 4273672200
	 - Queue Doorbell Previous Value: 2
 - Command: 
	 - sizeof(struct NVME_Command): 64
	 - Opcode: 2
	 - Zero0: 0
	 - CID: 0
	 - NSID: 1
	 - Zero1: 0
	 - Mptr: 0
	 - PRP1: 63242240
	 - PRP2: 0
	 - Specifics (DWORD's 10-15): 
		 - DWORD0: 10
		 - DWORD1: 0
		 - DWORD2: 1
		 - DWORD3: 0
		 - DWORD4: 0
		 - DWORD5: 0
 - Submission Queue Pointer Value: 46985344
 - AFTER: Queue Status: 
	 - Queue Base: 46985216
	 - Queue Length: 2046
	 - Queue Doorbell Address: 4273672200
	 - Queue Doorbell Previous Value: 3
[NVME] Reading CQ Value...
 - Command: 
	 - sizeof(struct NVME_Command): 64
	 - Opcode: 2
	 - Zero0: 0
	 - CID: 2
	 - NSID: 1
	 - Zero1: 0
	 - Mptr: 0
	 - PRP1: 63242240
	 - PRP2: 0
	 - Specifics (DWORD's 10-15): 
		 - DWORD0: 10
		 - DWORD1: 0
		 - DWORD2: 1
		 - DWORD3: 0
		 - DWORD4: 0
		 - DWORD5: 0
[NVME] Memory copied from CQ
[NVME] Wrote to CQ Doorbell Register... Returning...
[NVME] Read block...:


[NVME] READ FROM DISK: SCOOBY DOOBY DOO WHERE THE FUCK ARE YOU?